C51 COMPILER V9.60.7.0   LEDS                                                              04/25/2025 22:54:52 PAGE 1   


C51 COMPILER V9.60.7.0, COMPILATION OF MODULE LEDS
OBJECT MODULE PLACED IN .\Objects\leds.obj
COMPILER INVOKED BY: D:\College\APPS_COLLEGE\KEIL\C51\BIN\C51.EXE leds.c OPTIMIZE(8,SPEED) BROWSE DEBUG OBJECTEXTEND PRI
                    -NT(.\Listings\leds.lst) TABS(2) OBJECT(.\Objects\leds.obj)

line level    source

   1          #include "leds.h"
   2          
   3          void LED_setRed(unsigned char state) {
   4   1          LED_RED = state;
   5   1      }
   6          
   7          void LED_setGreen(unsigned char state) {
   8   1          LED_GREEN = state;
   9   1      }


MODULE INFORMATION:   STATIC OVERLAYABLE
   CODE SIZE        =     12    ----
   CONSTANT SIZE    =   ----    ----
   XDATA SIZE       =   ----    ----
   PDATA SIZE       =   ----    ----
   DATA SIZE        =   ----    ----
   IDATA SIZE       =   ----    ----
   BIT SIZE         =   ----    ----
END OF MODULE INFORMATION.


C51 COMPILATION COMPLETE.  0 WARNING(S),  0 ERROR(S)
