C51 COMPILER V9.60.7.0   PASSWORD                                                          04/27/2025 04:07:29 PAGE 1   


C51 COMPILER V9.60.7.0, COMPILATION OF MODULE PASSWORD
OBJECT MODULE PLACED IN .\Objects\password.obj
COMPILER INVOKED BY: D:\College\APPS_COLLEGE\KEIL\C51\BIN\C51.EXE password.c OPTIMIZE(8,SPEED) BROWSE DEBUG OBJECTEXTEND
                    - PRINT(.\Listings\password.lst) TABS(2) OBJECT(.\Objects\password.obj)

line level    source

   1          #include "password.h"
   2          #include "lcd.h"
   3          #include "leds.h"
   4          #include "delay.h"
   5          
   6          // Define real memory for globals
   7          unsigned char saved_pass[5] = {'1', '2', '3', '4', '\0'};
   8          unsigned char entered_pass[5];
   9          unsigned char num_ofCorrect_Password = 3;
  10          
  11          void Password_successAction(void) {
  12   1          LCD_clear();
  13   1          LCD_writeText("Open");
  14   1          delay_ms(1000);
  15   1      
  16   1          LCD_clear();
  17   1          LCD_writeText("Close");
  18   1          delay_ms(500);
  19   1      
  20   1          LED_setGreen(LED_OFF);
  21   1          LCD_clear();
  22   1      }


MODULE INFORMATION:   STATIC OVERLAYABLE
   CODE SIZE        =     46    ----
   CONSTANT SIZE    =     11    ----
   XDATA SIZE       =   ----    ----
   PDATA SIZE       =   ----    ----
   DATA SIZE        =     11    ----
   IDATA SIZE       =   ----    ----
   BIT SIZE         =   ----    ----
END OF MODULE INFORMATION.


C51 COMPILATION COMPLETE.  0 WARNING(S),  0 ERROR(S)
